<?xml version="1.0" encoding="UTF-8"?>
<!-- Generated by org.testng.reporters.JUnitXMLReporter -->
<testsuite hostname="YP1009099DT" ignored="0" name="SeleniumPracticeRegression" tests="10" failures="1" timestamp="11 Mar 2019 11:17:19 GMT" time="326.784" errors="0">
  <testcase name="@BeforeMethod loadBrowser" time="0.0" classname="com.practice.tests.DataProviderTest">
    <failure type="org.openqa.selenium.NoSuchSessionException" message="Session ID is null. Using WebDriver after calling quit()?
Build info: version: &amp;apos;3.141.59&amp;apos;, revision: &amp;apos;e82be7d358&amp;apos;, time: &amp;apos;2018-11-14T08:17:03&amp;apos;
System info: host: &amp;apos;YP1009099DT&amp;apos;, ip: &amp;apos;10.8.100.118&amp;apos;, os.name: &amp;apos;Windows 7&amp;apos;, os.arch: &amp;apos;amd64&amp;apos;, os.version: &amp;apos;6.1&amp;apos;, java.version: &amp;apos;1.8.0_31&amp;apos;
Driver info: driver.version: RemoteWebDriver">
      <![CDATA[org.openqa.selenium.NoSuchSessionException: Session ID is null. Using WebDriver after calling quit()?
Build info: version: '3.141.59', revision: 'e82be7d358', time: '2018-11-14T08:17:03'
System info: host: 'YP1009099DT', ip: '10.8.100.118', os.name: 'Windows 7', os.arch: 'amd64', os.version: '6.1', java.version: '1.8.0_31'
Driver info: driver.version: RemoteWebDriver
at org.openqa.selenium.remote.HttpCommandExecutor.execute(HttpCommandExecutor.java:125)
at org.openqa.selenium.remote.service.DriverCommandExecutor.execute(DriverCommandExecutor.java:83)
at org.openqa.selenium.remote.RemoteWebDriver.execute(RemoteWebDriver.java:552)
at org.openqa.selenium.remote.RemoteWebDriver.get(RemoteWebDriver.java:277)
at com.practice.tests.DataProviderTest.loadBrowser(DataProviderTest.java:25)
... Removed 28 stack frames]]>
    </failure>
  </testcase> <!-- @BeforeMethod loadBrowser -->
  <testcase name="@AfterMethod shutdown" time="0.0" classname="com.practice.tests.DataProviderTest">
    <skipped/>
  </testcase> <!-- @AfterMethod shutdown -->
  <testcase name="@BeforeMethod loadBrowser" time="0.0" classname="com.practice.tests.DataProviderTest">
    <skipped/>
  </testcase> <!-- @BeforeMethod loadBrowser -->
  <testcase name="@AfterMethod shutdown" time="0.0" classname="com.practice.tests.DataProviderTest">
    <skipped/>
  </testcase> <!-- @AfterMethod shutdown -->
  <testcase name="@BeforeMethod loadBrowser" time="0.0" classname="com.practice.tests.DataProviderTest">
    <skipped/>
  </testcase> <!-- @BeforeMethod loadBrowser -->
  <testcase name="@AfterMethod shutdown" time="0.0" classname="com.practice.tests.DataProviderTest">
    <skipped/>
  </testcase> <!-- @AfterMethod shutdown -->
  <testcase name="@BeforeMethod loadBrowser" time="0.0" classname="com.practice.tests.DataProviderTest">
    <skipped/>
  </testcase> <!-- @BeforeMethod loadBrowser -->
  <testcase name="@AfterMethod shutdown" time="0.0" classname="com.practice.tests.DataProviderTest">
    <skipped/>
  </testcase> <!-- @AfterMethod shutdown -->
  <testcase name="@AfterClass teardown" time="0.0" classname="com.Base.Base">
    <skipped/>
  </testcase> <!-- @AfterClass teardown -->
  <testcase name="booking" time="1.445" classname="com.practice.tests.BusBookingTest"/>
  <testcase name="dropDownTest" time="4.454" classname="com.practice.tests.BootstrapDropdownTest"/>
  <testcase name="dataProviderTest" time="0.007" classname="com.practice.tests.DataProviderTest"/>
  <testcase name="dataProviderTest" time="0.0" classname="com.practice.tests.DataProviderTest">
    <skipped/>
  </testcase> <!-- dataProviderTest -->
  <testcase name="dataProviderTest" time="0.0" classname="com.practice.tests.DataProviderTest">
    <skipped/>
  </testcase> <!-- dataProviderTest -->
  <testcase name="dataProviderTest" time="0.0" classname="com.practice.tests.DataProviderTest">
    <skipped/>
  </testcase> <!-- dataProviderTest -->
  <testcase name="dataProviderTest" time="0.0" classname="com.practice.tests.DataProviderTest">
    <skipped/>
  </testcase> <!-- dataProviderTest -->
  <testcase name="googleSearchTest" time="0.484" classname="com.practice.tests.GoogleSearchTest"/>
  <testcase name="javaScriptTest" time="51.85" classname="com.practice.tests.JavaScriptTest"/>
  <testcase name="screenShotTest" time="0.141" classname="com.practice.tests.ScreenShotTest">
    <failure type="java.lang.AssertionError" message="expected [false] but found [true]">
      <![CDATA[java.lang.AssertionError: expected [false] but found [true]
at com.practice.tests.ScreenShotTest.screenShotTest(ScreenShotTest.java:33)
... Removed 31 stack frames]]>
    </failure>
  </testcase> <!-- screenShotTest -->
</testsuite> <!-- SeleniumPracticeRegression -->
