<?xml version="1.0" encoding="UTF-8"?>
<testng-results skipped="4" failed="1" ignored="0" total="10" passed="5">
  <reporter-output>
  </reporter-output>
  <suite name="SeleniumPracticeTest-Suite" duration-ms="326784" started-at="2019-03-11T11:11:52Z" finished-at="2019-03-11T11:17:19Z">
    <groups>
    </groups>
    <test name="SeleniumPracticeRegression" duration-ms="326784" started-at="2019-03-11T11:11:52Z" finished-at="2019-03-11T11:17:19Z">
      <class name="com.practice.tests.ScreenShotTest">
        <test-method status="PASS" signature="setup()[pri:0, instance:com.practice.tests.ScreenShotTest@5f2108b5]" name="setup" is-config="true" duration-ms="5117" started-at="2019-03-11T11:16:25Z" finished-at="2019-03-11T11:16:30Z">
          <reporter-output>
          </reporter-output>
        </test-method> <!-- setup -->
        <test-method status="PASS" signature="loadBrowser()[pri:0, instance:com.practice.tests.ScreenShotTest@5f2108b5]" name="loadBrowser" is-config="true" duration-ms="43397" started-at="2019-03-11T11:16:30Z" finished-at="2019-03-11T11:17:14Z">
          <reporter-output>
          </reporter-output>
        </test-method> <!-- loadBrowser -->
        <test-method status="FAIL" signature="screenShotTest()[pri:0, instance:com.practice.tests.ScreenShotTest@5f2108b5]" name="screenShotTest" duration-ms="141" started-at="2019-03-11T11:17:14Z" finished-at="2019-03-11T11:17:14Z">
          <exception class="java.lang.AssertionError">
            <message>
              <![CDATA[expected [false] but found [true]]]>
            </message>
            <full-stacktrace>
              <![CDATA[java.lang.AssertionError: expected [false] but found [true]
at org.testng.Assert.fail(Assert.java:96)
at org.testng.Assert.failNotEquals(Assert.java:776)
at org.testng.Assert.assertEqualsImpl(Assert.java:137)
at org.testng.Assert.assertEquals(Assert.java:118)
at org.testng.Assert.assertEquals(Assert.java:568)
at org.testng.Assert.assertEquals(Assert.java:578)
at com.practice.tests.ScreenShotTest.screenShotTest(ScreenShotTest.java:33)
at sun.reflect.NativeMethodAccessorImpl.invoke0(Native Method)
at sun.reflect.NativeMethodAccessorImpl.invoke(Unknown Source)
at sun.reflect.DelegatingMethodAccessorImpl.invoke(Unknown Source)
at java.lang.reflect.Method.invoke(Unknown Source)
at org.testng.internal.MethodInvocationHelper.invokeMethod(MethodInvocationHelper.java:124)
at org.testng.internal.Invoker.invokeMethod(Invoker.java:583)
at org.testng.internal.Invoker.invokeTestMethod(Invoker.java:719)
at org.testng.internal.Invoker.invokeTestMethods(Invoker.java:989)
at org.testng.internal.TestMethodWorker.invokeTestMethods(TestMethodWorker.java:125)
at org.testng.internal.TestMethodWorker.run(TestMethodWorker.java:109)
at org.testng.TestRunner.privateRun(TestRunner.java:648)
at org.testng.TestRunner.run(TestRunner.java:505)
at org.testng.SuiteRunner.runTest(SuiteRunner.java:455)
at org.testng.SuiteRunner.runSequentially(SuiteRunner.java:450)
at org.testng.SuiteRunner.privateRun(SuiteRunner.java:415)
at org.testng.SuiteRunner.run(SuiteRunner.java:364)
at org.testng.SuiteRunnerWorker.runSuite(SuiteRunnerWorker.java:52)
at org.testng.SuiteRunnerWorker.run(SuiteRunnerWorker.java:84)
at org.testng.TestNG.runSuitesSequentially(TestNG.java:1208)
at org.testng.TestNG.runSuitesLocally(TestNG.java:1137)
at org.testng.TestNG.runSuites(TestNG.java:1049)
at org.testng.TestNG.run(TestNG.java:1017)
at org.testng.remote.AbstractRemoteTestNG.run(AbstractRemoteTestNG.java:114)
at org.testng.remote.RemoteTestNG.initAndRun(RemoteTestNG.java:251)
at org.testng.remote.RemoteTestNG.main(RemoteTestNG.java:77)
]]>
            </full-stacktrace>
          </exception> <!-- java.lang.AssertionError -->
          <reporter-output>
          </reporter-output>
        </test-method> <!-- screenShotTest -->
        <test-method status="PASS" signature="shutdown(org.testng.ITestResult)[pri:0, instance:com.practice.tests.ScreenShotTest@5f2108b5]" name="shutdown" is-config="true" duration-ms="4114" started-at="2019-03-11T11:17:14Z" finished-at="2019-03-11T11:17:19Z">
          <params>
            <param index="0">
              <value>
                <![CDATA[[TestResult name=screenShotTest status=FAILURE method=ScreenShotTest.screenShotTest()[pri:0, instance:com.practice.tests.ScreenShotTest@5f2108b5] output={null}]]]>
              </value>
            </param>
          </params>
          <reporter-output>
          </reporter-output>
        </test-method> <!-- shutdown -->
        <test-method status="PASS" signature="teardown()[pri:0, instance:com.practice.tests.ScreenShotTest@5f2108b5]" name="teardown" is-config="true" duration-ms="0" started-at="2019-03-11T11:17:19Z" finished-at="2019-03-11T11:17:19Z">
          <reporter-output>
          </reporter-output>
        </test-method> <!-- teardown -->
      </class> <!-- com.practice.tests.ScreenShotTest -->
      <class name="com.practice.tests.BusBookingTest">
        <test-method status="PASS" signature="setup()[pri:0, instance:com.practice.tests.BusBookingTest@1ce92674]" name="setup" is-config="true" duration-ms="7767" started-at="2019-03-11T11:11:52Z" finished-at="2019-03-11T11:12:00Z">
          <reporter-output>
          </reporter-output>
        </test-method> <!-- setup -->
        <test-method status="PASS" signature="data()[pri:0, instance:com.practice.tests.BusBookingTest@1ce92674]" name="data" is-config="true" duration-ms="58520" started-at="2019-03-11T11:12:00Z" finished-at="2019-03-11T11:12:58Z">
          <reporter-output>
          </reporter-output>
        </test-method> <!-- data -->
        <test-method status="PASS" signature="booking()[pri:0, instance:com.practice.tests.BusBookingTest@1ce92674]" name="booking" duration-ms="1445" started-at="2019-03-11T11:12:58Z" finished-at="2019-03-11T11:13:00Z">
          <reporter-output>
          </reporter-output>
        </test-method> <!-- booking -->
        <test-method status="PASS" signature="teardown()[pri:0, instance:com.practice.tests.BusBookingTest@1ce92674]" name="teardown" is-config="true" duration-ms="8" started-at="2019-03-11T11:13:00Z" finished-at="2019-03-11T11:13:00Z">
          <reporter-output>
          </reporter-output>
        </test-method> <!-- teardown -->
      </class> <!-- com.practice.tests.BusBookingTest -->
      <class name="com.practice.tests.BootstrapDropdownTest">
        <test-method status="PASS" signature="setup()[pri:0, instance:com.practice.tests.BootstrapDropdownTest@5700d6b1]" name="setup" is-config="true" duration-ms="6744" started-at="2019-03-11T11:13:00Z" finished-at="2019-03-11T11:13:06Z">
          <reporter-output>
          </reporter-output>
        </test-method> <!-- setup -->
        <test-method status="PASS" signature="loadBrowser()[pri:0, instance:com.practice.tests.BootstrapDropdownTest@5700d6b1]" name="loadBrowser" is-config="true" duration-ms="16268" started-at="2019-03-11T11:13:06Z" finished-at="2019-03-11T11:13:23Z">
          <reporter-output>
          </reporter-output>
        </test-method> <!-- loadBrowser -->
        <test-method status="PASS" signature="dropDownTest()[pri:0, instance:com.practice.tests.BootstrapDropdownTest@5700d6b1]" name="dropDownTest" duration-ms="4454" started-at="2019-03-11T11:13:23Z" finished-at="2019-03-11T11:13:27Z">
          <reporter-output>
          </reporter-output>
        </test-method> <!-- dropDownTest -->
        <test-method status="PASS" signature="closeBrowser()[pri:0, instance:com.practice.tests.BootstrapDropdownTest@5700d6b1]" name="closeBrowser" is-config="true" duration-ms="3249" started-at="2019-03-11T11:13:27Z" finished-at="2019-03-11T11:13:30Z">
          <reporter-output>
          </reporter-output>
        </test-method> <!-- closeBrowser -->
        <test-method status="PASS" signature="teardown()[pri:0, instance:com.practice.tests.BootstrapDropdownTest@5700d6b1]" name="teardown" is-config="true" duration-ms="0" started-at="2019-03-11T11:13:30Z" finished-at="2019-03-11T11:13:30Z">
          <reporter-output>
          </reporter-output>
        </test-method> <!-- teardown -->
      </class> <!-- com.practice.tests.BootstrapDropdownTest -->
      <class name="com.practice.tests.DataProviderTest">
        <test-method status="PASS" signature="setup()[pri:0, instance:com.practice.tests.DataProviderTest@6fd02e5]" name="setup" is-config="true" duration-ms="5101" started-at="2019-03-11T11:13:30Z" finished-at="2019-03-11T11:13:35Z">
          <reporter-output>
          </reporter-output>
        </test-method> <!-- setup -->
        <test-method status="PASS" signature="loadBrowser()[pri:0, instance:com.practice.tests.DataProviderTest@6fd02e5]" name="loadBrowser" is-config="true" duration-ms="43896" started-at="2019-03-11T11:13:38Z" finished-at="2019-03-11T11:14:22Z">
          <reporter-output>
          </reporter-output>
        </test-method> <!-- loadBrowser -->
        <test-method status="PASS" signature="dataProviderTest(com.practice.tests.ExcelData)[pri:0, instance:com.practice.tests.DataProviderTest@6fd02e5]" name="dataProviderTest" duration-ms="7" started-at="2019-03-11T11:14:22Z" data-provider="credentials" finished-at="2019-03-11T11:14:22Z">
          <params>
            <param index="0">
              <value>
                <![CDATA[ExcelData [userName=user1, password=pass1, email=user1@gmail.com, rowId=1]]]>
              </value>
            </param>
          </params>
          <reporter-output>
          </reporter-output>
        </test-method> <!-- dataProviderTest -->
        <test-method status="PASS" signature="shutdown(org.testng.ITestResult)[pri:0, instance:com.practice.tests.DataProviderTest@6fd02e5]" name="shutdown" is-config="true" duration-ms="4608" started-at="2019-03-11T11:14:22Z" finished-at="2019-03-11T11:14:27Z">
          <params>
            <param index="0">
              <value>
                <![CDATA[[TestResult name=dataProviderTest status=SUCCESS method=DataProviderTest.dataProviderTest(com.practice.tests.ExcelData)[pri:0, instance:com.practice.tests.DataProviderTest@6fd02e5] output={null}]]]>
              </value>
            </param>
          </params>
          <reporter-output>
          </reporter-output>
        </test-method> <!-- shutdown -->
        <test-method status="FAIL" signature="loadBrowser()[pri:0, instance:com.practice.tests.DataProviderTest@6fd02e5]" name="loadBrowser" is-config="true" duration-ms="0" started-at="2019-03-11T11:14:27Z" finished-at="2019-03-11T11:14:27Z">
          <exception class="org.openqa.selenium.NoSuchSessionException">
            <message>
              <![CDATA[Session ID is null. Using WebDriver after calling quit()?
Build info: version: '3.141.59', revision: 'e82be7d358', time: '2018-11-14T08:17:03'
System info: host: 'YP1009099DT', ip: '10.8.100.118', os.name: 'Windows 7', os.arch: 'amd64', os.version: '6.1', java.version: '1.8.0_31'
Driver info: driver.version: RemoteWebDriver]]>
            </message>
            <full-stacktrace>
              <![CDATA[org.openqa.selenium.NoSuchSessionException: Session ID is null. Using WebDriver after calling quit()?
Build info: version: '3.141.59', revision: 'e82be7d358', time: '2018-11-14T08:17:03'
System info: host: 'YP1009099DT', ip: '10.8.100.118', os.name: 'Windows 7', os.arch: 'amd64', os.version: '6.1', java.version: '1.8.0_31'
Driver info: driver.version: RemoteWebDriver
at org.openqa.selenium.remote.HttpCommandExecutor.execute(HttpCommandExecutor.java:125)
at org.openqa.selenium.remote.service.DriverCommandExecutor.execute(DriverCommandExecutor.java:83)
at org.openqa.selenium.remote.RemoteWebDriver.execute(RemoteWebDriver.java:552)
at org.openqa.selenium.remote.RemoteWebDriver.get(RemoteWebDriver.java:277)
at com.practice.tests.DataProviderTest.loadBrowser(DataProviderTest.java:25)
at sun.reflect.NativeMethodAccessorImpl.invoke0(Native Method)
at sun.reflect.NativeMethodAccessorImpl.invoke(Unknown Source)
at sun.reflect.DelegatingMethodAccessorImpl.invoke(Unknown Source)
at java.lang.reflect.Method.invoke(Unknown Source)
at org.testng.internal.MethodInvocationHelper.invokeMethod(MethodInvocationHelper.java:124)
at org.testng.internal.MethodInvocationHelper.invokeMethodConsideringTimeout(MethodInvocationHelper.java:59)
at org.testng.internal.Invoker.invokeConfigurationMethod(Invoker.java:458)
at org.testng.internal.Invoker.invokeConfigurations(Invoker.java:222)
at org.testng.internal.Invoker.invokeMethod(Invoker.java:523)
at org.testng.internal.Invoker.invokeTestMethod(Invoker.java:719)
at org.testng.internal.Invoker.invokeTestMethods(Invoker.java:989)
at org.testng.internal.TestMethodWorker.invokeTestMethods(TestMethodWorker.java:125)
at org.testng.internal.TestMethodWorker.run(TestMethodWorker.java:109)
at org.testng.TestRunner.privateRun(TestRunner.java:648)
at org.testng.TestRunner.run(TestRunner.java:505)
at org.testng.SuiteRunner.runTest(SuiteRunner.java:455)
at org.testng.SuiteRunner.runSequentially(SuiteRunner.java:450)
at org.testng.SuiteRunner.privateRun(SuiteRunner.java:415)
at org.testng.SuiteRunner.run(SuiteRunner.java:364)
at org.testng.SuiteRunnerWorker.runSuite(SuiteRunnerWorker.java:52)
at org.testng.SuiteRunnerWorker.run(SuiteRunnerWorker.java:84)
at org.testng.TestNG.runSuitesSequentially(TestNG.java:1208)
at org.testng.TestNG.runSuitesLocally(TestNG.java:1137)
at org.testng.TestNG.runSuites(TestNG.java:1049)
at org.testng.TestNG.run(TestNG.java:1017)
at org.testng.remote.AbstractRemoteTestNG.run(AbstractRemoteTestNG.java:114)
at org.testng.remote.RemoteTestNG.initAndRun(RemoteTestNG.java:251)
at org.testng.remote.RemoteTestNG.main(RemoteTestNG.java:77)
]]>
            </full-stacktrace>
          </exception> <!-- org.openqa.selenium.NoSuchSessionException -->
          <reporter-output>
          </reporter-output>
        </test-method> <!-- loadBrowser -->
        <test-method status="SKIP" signature="dataProviderTest(com.practice.tests.ExcelData)[pri:0, instance:com.practice.tests.DataProviderTest@6fd02e5]" name="dataProviderTest" duration-ms="0" started-at="2019-03-11T11:14:27Z" data-provider="credentials" finished-at="2019-03-11T11:14:27Z">
          <exception class="org.openqa.selenium.NoSuchSessionException">
            <message>
              <![CDATA[Session ID is null. Using WebDriver after calling quit()?
Build info: version: '3.141.59', revision: 'e82be7d358', time: '2018-11-14T08:17:03'
System info: host: 'YP1009099DT', ip: '10.8.100.118', os.name: 'Windows 7', os.arch: 'amd64', os.version: '6.1', java.version: '1.8.0_31'
Driver info: driver.version: RemoteWebDriver]]>
            </message>
            <full-stacktrace>
              <![CDATA[org.openqa.selenium.NoSuchSessionException: Session ID is null. Using WebDriver after calling quit()?
Build info: version: '3.141.59', revision: 'e82be7d358', time: '2018-11-14T08:17:03'
System info: host: 'YP1009099DT', ip: '10.8.100.118', os.name: 'Windows 7', os.arch: 'amd64', os.version: '6.1', java.version: '1.8.0_31'
Driver info: driver.version: RemoteWebDriver
at org.openqa.selenium.remote.HttpCommandExecutor.execute(HttpCommandExecutor.java:125)
at org.openqa.selenium.remote.service.DriverCommandExecutor.execute(DriverCommandExecutor.java:83)
at org.openqa.selenium.remote.RemoteWebDriver.execute(RemoteWebDriver.java:552)
at org.openqa.selenium.remote.RemoteWebDriver.get(RemoteWebDriver.java:277)
at com.practice.tests.DataProviderTest.loadBrowser(DataProviderTest.java:25)
at sun.reflect.NativeMethodAccessorImpl.invoke0(Native Method)
at sun.reflect.NativeMethodAccessorImpl.invoke(Unknown Source)
at sun.reflect.DelegatingMethodAccessorImpl.invoke(Unknown Source)
at java.lang.reflect.Method.invoke(Unknown Source)
at org.testng.internal.MethodInvocationHelper.invokeMethod(MethodInvocationHelper.java:124)
at org.testng.internal.MethodInvocationHelper.invokeMethodConsideringTimeout(MethodInvocationHelper.java:59)
at org.testng.internal.Invoker.invokeConfigurationMethod(Invoker.java:458)
at org.testng.internal.Invoker.invokeConfigurations(Invoker.java:222)
at org.testng.internal.Invoker.invokeMethod(Invoker.java:523)
at org.testng.internal.Invoker.invokeTestMethod(Invoker.java:719)
at org.testng.internal.Invoker.invokeTestMethods(Invoker.java:989)
at org.testng.internal.TestMethodWorker.invokeTestMethods(TestMethodWorker.java:125)
at org.testng.internal.TestMethodWorker.run(TestMethodWorker.java:109)
at org.testng.TestRunner.privateRun(TestRunner.java:648)
at org.testng.TestRunner.run(TestRunner.java:505)
at org.testng.SuiteRunner.runTest(SuiteRunner.java:455)
at org.testng.SuiteRunner.runSequentially(SuiteRunner.java:450)
at org.testng.SuiteRunner.privateRun(SuiteRunner.java:415)
at org.testng.SuiteRunner.run(SuiteRunner.java:364)
at org.testng.SuiteRunnerWorker.runSuite(SuiteRunnerWorker.java:52)
at org.testng.SuiteRunnerWorker.run(SuiteRunnerWorker.java:84)
at org.testng.TestNG.runSuitesSequentially(TestNG.java:1208)
at org.testng.TestNG.runSuitesLocally(TestNG.java:1137)
at org.testng.TestNG.runSuites(TestNG.java:1049)
at org.testng.TestNG.run(TestNG.java:1017)
at org.testng.remote.AbstractRemoteTestNG.run(AbstractRemoteTestNG.java:114)
at org.testng.remote.RemoteTestNG.initAndRun(RemoteTestNG.java:251)
at org.testng.remote.RemoteTestNG.main(RemoteTestNG.java:77)
]]>
            </full-stacktrace>
          </exception> <!-- org.openqa.selenium.NoSuchSessionException -->
          <reporter-output>
          </reporter-output>
        </test-method> <!-- dataProviderTest -->
        <test-method status="SKIP" signature="shutdown(org.testng.ITestResult)[pri:0, instance:com.practice.tests.DataProviderTest@6fd02e5]" name="shutdown" is-config="true" duration-ms="0" started-at="2019-03-11T11:14:27Z" finished-at="2019-03-11T11:14:27Z">
          <reporter-output>
          </reporter-output>
        </test-method> <!-- shutdown -->
        <test-method status="SKIP" signature="loadBrowser()[pri:0, instance:com.practice.tests.DataProviderTest@6fd02e5]" name="loadBrowser" is-config="true" duration-ms="0" started-at="2019-03-11T11:14:27Z" finished-at="2019-03-11T11:14:27Z">
          <reporter-output>
          </reporter-output>
        </test-method> <!-- loadBrowser -->
        <test-method status="SKIP" signature="dataProviderTest(com.practice.tests.ExcelData)[pri:0, instance:com.practice.tests.DataProviderTest@6fd02e5]" name="dataProviderTest" duration-ms="0" started-at="2019-03-11T11:14:27Z" data-provider="credentials" finished-at="2019-03-11T11:14:27Z">
          <exception class="org.openqa.selenium.NoSuchSessionException">
            <message>
              <![CDATA[Session ID is null. Using WebDriver after calling quit()?
Build info: version: '3.141.59', revision: 'e82be7d358', time: '2018-11-14T08:17:03'
System info: host: 'YP1009099DT', ip: '10.8.100.118', os.name: 'Windows 7', os.arch: 'amd64', os.version: '6.1', java.version: '1.8.0_31'
Driver info: driver.version: RemoteWebDriver]]>
            </message>
            <full-stacktrace>
              <![CDATA[org.openqa.selenium.NoSuchSessionException: Session ID is null. Using WebDriver after calling quit()?
Build info: version: '3.141.59', revision: 'e82be7d358', time: '2018-11-14T08:17:03'
System info: host: 'YP1009099DT', ip: '10.8.100.118', os.name: 'Windows 7', os.arch: 'amd64', os.version: '6.1', java.version: '1.8.0_31'
Driver info: driver.version: RemoteWebDriver
at org.openqa.selenium.remote.HttpCommandExecutor.execute(HttpCommandExecutor.java:125)
at org.openqa.selenium.remote.service.DriverCommandExecutor.execute(DriverCommandExecutor.java:83)
at org.openqa.selenium.remote.RemoteWebDriver.execute(RemoteWebDriver.java:552)
at org.openqa.selenium.remote.RemoteWebDriver.get(RemoteWebDriver.java:277)
at com.practice.tests.DataProviderTest.loadBrowser(DataProviderTest.java:25)
at sun.reflect.NativeMethodAccessorImpl.invoke0(Native Method)
at sun.reflect.NativeMethodAccessorImpl.invoke(Unknown Source)
at sun.reflect.DelegatingMethodAccessorImpl.invoke(Unknown Source)
at java.lang.reflect.Method.invoke(Unknown Source)
at org.testng.internal.MethodInvocationHelper.invokeMethod(MethodInvocationHelper.java:124)
at org.testng.internal.MethodInvocationHelper.invokeMethodConsideringTimeout(MethodInvocationHelper.java:59)
at org.testng.internal.Invoker.invokeConfigurationMethod(Invoker.java:458)
at org.testng.internal.Invoker.invokeConfigurations(Invoker.java:222)
at org.testng.internal.Invoker.invokeMethod(Invoker.java:523)
at org.testng.internal.Invoker.invokeTestMethod(Invoker.java:719)
at org.testng.internal.Invoker.invokeTestMethods(Invoker.java:989)
at org.testng.internal.TestMethodWorker.invokeTestMethods(TestMethodWorker.java:125)
at org.testng.internal.TestMethodWorker.run(TestMethodWorker.java:109)
at org.testng.TestRunner.privateRun(TestRunner.java:648)
at org.testng.TestRunner.run(TestRunner.java:505)
at org.testng.SuiteRunner.runTest(SuiteRunner.java:455)
at org.testng.SuiteRunner.runSequentially(SuiteRunner.java:450)
at org.testng.SuiteRunner.privateRun(SuiteRunner.java:415)
at org.testng.SuiteRunner.run(SuiteRunner.java:364)
at org.testng.SuiteRunnerWorker.runSuite(SuiteRunnerWorker.java:52)
at org.testng.SuiteRunnerWorker.run(SuiteRunnerWorker.java:84)
at org.testng.TestNG.runSuitesSequentially(TestNG.java:1208)
at org.testng.TestNG.runSuitesLocally(TestNG.java:1137)
at org.testng.TestNG.runSuites(TestNG.java:1049)
at org.testng.TestNG.run(TestNG.java:1017)
at org.testng.remote.AbstractRemoteTestNG.run(AbstractRemoteTestNG.java:114)
at org.testng.remote.RemoteTestNG.initAndRun(RemoteTestNG.java:251)
at org.testng.remote.RemoteTestNG.main(RemoteTestNG.java:77)
]]>
            </full-stacktrace>
          </exception> <!-- org.openqa.selenium.NoSuchSessionException -->
          <reporter-output>
          </reporter-output>
        </test-method> <!-- dataProviderTest -->
        <test-method status="SKIP" signature="shutdown(org.testng.ITestResult)[pri:0, instance:com.practice.tests.DataProviderTest@6fd02e5]" name="shutdown" is-config="true" duration-ms="0" started-at="2019-03-11T11:14:27Z" finished-at="2019-03-11T11:14:27Z">
          <reporter-output>
          </reporter-output>
        </test-method> <!-- shutdown -->
        <test-method status="SKIP" signature="dataProviderTest(com.practice.tests.ExcelData)[pri:0, instance:com.practice.tests.DataProviderTest@6fd02e5]" name="dataProviderTest" duration-ms="0" started-at="2019-03-11T11:14:27Z" data-provider="credentials" finished-at="2019-03-11T11:14:27Z">
          <exception class="org.openqa.selenium.NoSuchSessionException">
            <message>
              <![CDATA[Session ID is null. Using WebDriver after calling quit()?
Build info: version: '3.141.59', revision: 'e82be7d358', time: '2018-11-14T08:17:03'
System info: host: 'YP1009099DT', ip: '10.8.100.118', os.name: 'Windows 7', os.arch: 'amd64', os.version: '6.1', java.version: '1.8.0_31'
Driver info: driver.version: RemoteWebDriver]]>
            </message>
            <full-stacktrace>
              <![CDATA[org.openqa.selenium.NoSuchSessionException: Session ID is null. Using WebDriver after calling quit()?
Build info: version: '3.141.59', revision: 'e82be7d358', time: '2018-11-14T08:17:03'
System info: host: 'YP1009099DT', ip: '10.8.100.118', os.name: 'Windows 7', os.arch: 'amd64', os.version: '6.1', java.version: '1.8.0_31'
Driver info: driver.version: RemoteWebDriver
at org.openqa.selenium.remote.HttpCommandExecutor.execute(HttpCommandExecutor.java:125)
at org.openqa.selenium.remote.service.DriverCommandExecutor.execute(DriverCommandExecutor.java:83)
at org.openqa.selenium.remote.RemoteWebDriver.execute(RemoteWebDriver.java:552)
at org.openqa.selenium.remote.RemoteWebDriver.get(RemoteWebDriver.java:277)
at com.practice.tests.DataProviderTest.loadBrowser(DataProviderTest.java:25)
at sun.reflect.NativeMethodAccessorImpl.invoke0(Native Method)
at sun.reflect.NativeMethodAccessorImpl.invoke(Unknown Source)
at sun.reflect.DelegatingMethodAccessorImpl.invoke(Unknown Source)
at java.lang.reflect.Method.invoke(Unknown Source)
at org.testng.internal.MethodInvocationHelper.invokeMethod(MethodInvocationHelper.java:124)
at org.testng.internal.MethodInvocationHelper.invokeMethodConsideringTimeout(MethodInvocationHelper.java:59)
at org.testng.internal.Invoker.invokeConfigurationMethod(Invoker.java:458)
at org.testng.internal.Invoker.invokeConfigurations(Invoker.java:222)
at org.testng.internal.Invoker.invokeMethod(Invoker.java:523)
at org.testng.internal.Invoker.invokeTestMethod(Invoker.java:719)
at org.testng.internal.Invoker.invokeTestMethods(Invoker.java:989)
at org.testng.internal.TestMethodWorker.invokeTestMethods(TestMethodWorker.java:125)
at org.testng.internal.TestMethodWorker.run(TestMethodWorker.java:109)
at org.testng.TestRunner.privateRun(TestRunner.java:648)
at org.testng.TestRunner.run(TestRunner.java:505)
at org.testng.SuiteRunner.runTest(SuiteRunner.java:455)
at org.testng.SuiteRunner.runSequentially(SuiteRunner.java:450)
at org.testng.SuiteRunner.privateRun(SuiteRunner.java:415)
at org.testng.SuiteRunner.run(SuiteRunner.java:364)
at org.testng.SuiteRunnerWorker.runSuite(SuiteRunnerWorker.java:52)
at org.testng.SuiteRunnerWorker.run(SuiteRunnerWorker.java:84)
at org.testng.TestNG.runSuitesSequentially(TestNG.java:1208)
at org.testng.TestNG.runSuitesLocally(TestNG.java:1137)
at org.testng.TestNG.runSuites(TestNG.java:1049)
at org.testng.TestNG.run(TestNG.java:1017)
at org.testng.remote.AbstractRemoteTestNG.run(AbstractRemoteTestNG.java:114)
at org.testng.remote.RemoteTestNG.initAndRun(RemoteTestNG.java:251)
at org.testng.remote.RemoteTestNG.main(RemoteTestNG.java:77)
]]>
            </full-stacktrace>
          </exception> <!-- org.openqa.selenium.NoSuchSessionException -->
          <reporter-output>
          </reporter-output>
        </test-method> <!-- dataProviderTest -->
        <test-method status="SKIP" signature="loadBrowser()[pri:0, instance:com.practice.tests.DataProviderTest@6fd02e5]" name="loadBrowser" is-config="true" duration-ms="0" started-at="2019-03-11T11:14:27Z" finished-at="2019-03-11T11:14:27Z">
          <reporter-output>
          </reporter-output>
        </test-method> <!-- loadBrowser -->
        <test-method status="SKIP" signature="shutdown(org.testng.ITestResult)[pri:0, instance:com.practice.tests.DataProviderTest@6fd02e5]" name="shutdown" is-config="true" duration-ms="0" started-at="2019-03-11T11:14:27Z" finished-at="2019-03-11T11:14:27Z">
          <reporter-output>
          </reporter-output>
        </test-method> <!-- shutdown -->
        <test-method status="SKIP" signature="loadBrowser()[pri:0, instance:com.practice.tests.DataProviderTest@6fd02e5]" name="loadBrowser" is-config="true" duration-ms="0" started-at="2019-03-11T11:14:27Z" finished-at="2019-03-11T11:14:27Z">
          <reporter-output>
          </reporter-output>
        </test-method> <!-- loadBrowser -->
        <test-method status="SKIP" signature="dataProviderTest(com.practice.tests.ExcelData)[pri:0, instance:com.practice.tests.DataProviderTest@6fd02e5]" name="dataProviderTest" duration-ms="0" started-at="2019-03-11T11:14:27Z" data-provider="credentials" finished-at="2019-03-11T11:14:27Z">
          <exception class="org.openqa.selenium.NoSuchSessionException">
            <message>
              <![CDATA[Session ID is null. Using WebDriver after calling quit()?
Build info: version: '3.141.59', revision: 'e82be7d358', time: '2018-11-14T08:17:03'
System info: host: 'YP1009099DT', ip: '10.8.100.118', os.name: 'Windows 7', os.arch: 'amd64', os.version: '6.1', java.version: '1.8.0_31'
Driver info: driver.version: RemoteWebDriver]]>
            </message>
            <full-stacktrace>
              <![CDATA[org.openqa.selenium.NoSuchSessionException: Session ID is null. Using WebDriver after calling quit()?
Build info: version: '3.141.59', revision: 'e82be7d358', time: '2018-11-14T08:17:03'
System info: host: 'YP1009099DT', ip: '10.8.100.118', os.name: 'Windows 7', os.arch: 'amd64', os.version: '6.1', java.version: '1.8.0_31'
Driver info: driver.version: RemoteWebDriver
at org.openqa.selenium.remote.HttpCommandExecutor.execute(HttpCommandExecutor.java:125)
at org.openqa.selenium.remote.service.DriverCommandExecutor.execute(DriverCommandExecutor.java:83)
at org.openqa.selenium.remote.RemoteWebDriver.execute(RemoteWebDriver.java:552)
at org.openqa.selenium.remote.RemoteWebDriver.get(RemoteWebDriver.java:277)
at com.practice.tests.DataProviderTest.loadBrowser(DataProviderTest.java:25)
at sun.reflect.NativeMethodAccessorImpl.invoke0(Native Method)
at sun.reflect.NativeMethodAccessorImpl.invoke(Unknown Source)
at sun.reflect.DelegatingMethodAccessorImpl.invoke(Unknown Source)
at java.lang.reflect.Method.invoke(Unknown Source)
at org.testng.internal.MethodInvocationHelper.invokeMethod(MethodInvocationHelper.java:124)
at org.testng.internal.MethodInvocationHelper.invokeMethodConsideringTimeout(MethodInvocationHelper.java:59)
at org.testng.internal.Invoker.invokeConfigurationMethod(Invoker.java:458)
at org.testng.internal.Invoker.invokeConfigurations(Invoker.java:222)
at org.testng.internal.Invoker.invokeMethod(Invoker.java:523)
at org.testng.internal.Invoker.invokeTestMethod(Invoker.java:719)
at org.testng.internal.Invoker.invokeTestMethods(Invoker.java:989)
at org.testng.internal.TestMethodWorker.invokeTestMethods(TestMethodWorker.java:125)
at org.testng.internal.TestMethodWorker.run(TestMethodWorker.java:109)
at org.testng.TestRunner.privateRun(TestRunner.java:648)
at org.testng.TestRunner.run(TestRunner.java:505)
at org.testng.SuiteRunner.runTest(SuiteRunner.java:455)
at org.testng.SuiteRunner.runSequentially(SuiteRunner.java:450)
at org.testng.SuiteRunner.privateRun(SuiteRunner.java:415)
at org.testng.SuiteRunner.run(SuiteRunner.java:364)
at org.testng.SuiteRunnerWorker.runSuite(SuiteRunnerWorker.java:52)
at org.testng.SuiteRunnerWorker.run(SuiteRunnerWorker.java:84)
at org.testng.TestNG.runSuitesSequentially(TestNG.java:1208)
at org.testng.TestNG.runSuitesLocally(TestNG.java:1137)
at org.testng.TestNG.runSuites(TestNG.java:1049)
at org.testng.TestNG.run(TestNG.java:1017)
at org.testng.remote.AbstractRemoteTestNG.run(AbstractRemoteTestNG.java:114)
at org.testng.remote.RemoteTestNG.initAndRun(RemoteTestNG.java:251)
at org.testng.remote.RemoteTestNG.main(RemoteTestNG.java:77)
]]>
            </full-stacktrace>
          </exception> <!-- org.openqa.selenium.NoSuchSessionException -->
          <reporter-output>
          </reporter-output>
        </test-method> <!-- dataProviderTest -->
        <test-method status="SKIP" signature="shutdown(org.testng.ITestResult)[pri:0, instance:com.practice.tests.DataProviderTest@6fd02e5]" name="shutdown" is-config="true" duration-ms="0" started-at="2019-03-11T11:14:27Z" finished-at="2019-03-11T11:14:27Z">
          <reporter-output>
          </reporter-output>
        </test-method> <!-- shutdown -->
        <test-method status="SKIP" signature="teardown()[pri:0, instance:com.practice.tests.DataProviderTest@6fd02e5]" name="teardown" is-config="true" duration-ms="0" started-at="2019-03-11T11:14:27Z" finished-at="2019-03-11T11:14:27Z">
          <reporter-output>
          </reporter-output>
        </test-method> <!-- teardown -->
      </class> <!-- com.practice.tests.DataProviderTest -->
      <class name="com.practice.tests.GoogleSearchTest">
        <test-method status="PASS" signature="setup()[pri:0, instance:com.practice.tests.GoogleSearchTest@5bcab519]" name="setup" is-config="true" duration-ms="4919" started-at="2019-03-11T11:14:27Z" finished-at="2019-03-11T11:14:32Z">
          <reporter-output>
          </reporter-output>
        </test-method> <!-- setup -->
        <test-method status="PASS" signature="loadBrowser()[pri:0, instance:com.practice.tests.GoogleSearchTest@5bcab519]" name="loadBrowser" is-config="true" duration-ms="1774" started-at="2019-03-11T11:14:32Z" finished-at="2019-03-11T11:14:33Z">
          <reporter-output>
          </reporter-output>
        </test-method> <!-- loadBrowser -->
        <test-method status="PASS" signature="googleSearchTest()[pri:0, instance:com.practice.tests.GoogleSearchTest@5bcab519]" name="googleSearchTest" duration-ms="484" started-at="2019-03-11T11:14:33Z" finished-at="2019-03-11T11:14:34Z">
          <reporter-output>
          </reporter-output>
        </test-method> <!-- googleSearchTest -->
        <test-method status="PASS" signature="closeBrowser()[pri:0, instance:com.practice.tests.GoogleSearchTest@5bcab519]" name="closeBrowser" is-config="true" duration-ms="3839" started-at="2019-03-11T11:14:34Z" finished-at="2019-03-11T11:14:38Z">
          <reporter-output>
          </reporter-output>
        </test-method> <!-- closeBrowser -->
        <test-method status="PASS" signature="teardown()[pri:0, instance:com.practice.tests.GoogleSearchTest@5bcab519]" name="teardown" is-config="true" duration-ms="0" started-at="2019-03-11T11:14:38Z" finished-at="2019-03-11T11:14:38Z">
          <reporter-output>
          </reporter-output>
        </test-method> <!-- teardown -->
      </class> <!-- com.practice.tests.GoogleSearchTest -->
      <class name="com.practice.tests.JavaScriptTest">
        <test-method status="PASS" signature="setup()[pri:0, instance:com.practice.tests.JavaScriptTest@e45f292]" name="setup" is-config="true" duration-ms="5243" started-at="2019-03-11T11:14:38Z" finished-at="2019-03-11T11:14:43Z">
          <reporter-output>
          </reporter-output>
        </test-method> <!-- setup -->
        <test-method status="PASS" signature="loadBrowser()[pri:0, instance:com.practice.tests.JavaScriptTest@e45f292]" name="loadBrowser" is-config="true" duration-ms="43903" started-at="2019-03-11T11:14:43Z" finished-at="2019-03-11T11:15:27Z">
          <reporter-output>
          </reporter-output>
        </test-method> <!-- loadBrowser -->
        <test-method status="PASS" signature="javaScriptTest()[pri:0, instance:com.practice.tests.JavaScriptTest@e45f292]" name="javaScriptTest" duration-ms="51850" started-at="2019-03-11T11:15:27Z" finished-at="2019-03-11T11:16:19Z">
          <reporter-output>
          </reporter-output>
        </test-method> <!-- javaScriptTest -->
        <test-method status="PASS" signature="shutdown()[pri:0, instance:com.practice.tests.JavaScriptTest@e45f292]" name="shutdown" is-config="true" duration-ms="6518" started-at="2019-03-11T11:16:19Z" finished-at="2019-03-11T11:16:25Z">
          <reporter-output>
          </reporter-output>
        </test-method> <!-- shutdown -->
        <test-method status="PASS" signature="teardown()[pri:0, instance:com.practice.tests.JavaScriptTest@e45f292]" name="teardown" is-config="true" duration-ms="15" started-at="2019-03-11T11:16:25Z" finished-at="2019-03-11T11:16:25Z">
          <reporter-output>
          </reporter-output>
        </test-method> <!-- teardown -->
      </class> <!-- com.practice.tests.JavaScriptTest -->
    </test> <!-- SeleniumPracticeRegression -->
  </suite> <!-- SeleniumPracticeTest-Suite -->
</testng-results>
